2016/11/24 23:07:13 [error] [exception.CException] exception 'CException' with message 'Alias "application.extensions.mbmenu.MbMenu" is invalid. Make sure it points to an existing PHP file and the file is readable.' in C:\xampp\htdocs\yii\framework\YiiBase.php:323
Stack trace:
#0 C:\xampp\htdocs\yii\framework\web\CWidgetFactory.php(146): YiiBase::import('application.ext...', true)
#1 C:\xampp\htdocs\yii\framework\web\CBaseController.php(146): CWidgetFactory->createWidget(Object(SiteController), 'application.ext...', Array)
#2 C:\xampp\htdocs\yii\framework\web\CBaseController.php(180): CBaseController->createWidget('application.ext...', Array)
#3 C:\xampp\htdocs\apotek_yii\themes\shadow_dancer\views\layouts\main.php(60): CBaseController->widget('application.ext...', Array)
#4 C:\xampp\htdocs\yii\framework\web\CBaseController.php(126): require('C:\\xampp\\htdocs...')
#5 C:\xampp\htdocs\yii\framework\web\CBaseController.php(95): CBaseController->renderInternal('C:\\xampp\\htdocs...', Array, true)
#6 C:\xampp\htdocs\yii\framework\web\widgets\CContentDecorator.php(76): CBaseController->renderFile('C:\\xampp\\htdocs...', Array, true)
#7 C:\xampp\htdocs\yii\framework\web\widgets\CContentDecorator.php(54): CContentDecorator->decorate('<div class="con...')
#8 C:\xampp\htdocs\yii\framework\web\widgets\COutputProcessor.php(44): CContentDecorator->processOutput('<div class="con...')
#9 C:\xampp\htdocs\yii\framework\web\CBaseController.php(214): COutputProcessor->run()
#10 C:\xampp\htdocs\yii\framework\web\CBaseController.php(308): CBaseController->endWidget('CContentDecorat...')
#11 C:\xampp\htdocs\apotek_yii\themes\shadow_dancer\views\layouts\column1.php(7): CBaseController->endContent()
#12 C:\xampp\htdocs\yii\framework\web\CBaseController.php(126): require('C:\\xampp\\htdocs...')
#13 C:\xampp\htdocs\yii\framework\web\CBaseController.php(95): CBaseController->renderInternal('C:\\xampp\\htdocs...', Array, true)
#14 C:\xampp\htdocs\yii\framework\web\CController.php(784): CBaseController->renderFile('C:\\xampp\\htdocs...', Array, true)
#15 C:\xampp\htdocs\yii\framework\web\actions\CViewAction.php(140): CController->render('pages/buttons_a...')
#16 C:\xampp\htdocs\yii\framework\web\actions\CAction.php(76): CViewAction->run()
#17 C:\xampp\htdocs\yii\framework\web\CController.php(308): CAction->runWithParams(Array)
#18 C:\xampp\htdocs\yii\framework\web\CController.php(286): CController->runAction(Object(CViewAction))
#19 C:\xampp\htdocs\yii\framework\web\CController.php(265): CController->runActionWithFilters(Object(CViewAction), Array)
#20 C:\xampp\htdocs\yii\framework\web\CWebApplication.php(282): CController->run('page')
#21 C:\xampp\htdocs\yii\framework\web\CWebApplication.php(141): CWebApplication->runController('site/page')
#22 C:\xampp\htdocs\yii\framework\base\CApplication.php(185): CWebApplication->processRequest()
#23 C:\xampp\htdocs\apotek_yii\index.php(13): CApplication->run()
#24 {main}
REQUEST_URI=/apotek_yii/index.php?r=site/page&view=buttons_and_icons
HTTP_REFERER=http://localhost/apotek_yii/index.php?r=site/page&view=buttons_and_icons
---
2016/11/24 23:07:24 [error] [exception.CException] exception 'CException' with message 'Alias "application.extensions.mbmenu.MbMenu" is invalid. Make sure it points to an existing PHP file and the file is readable.' in C:\xampp\htdocs\yii\framework\YiiBase.php:323
Stack trace:
#0 C:\xampp\htdocs\yii\framework\web\CWidgetFactory.php(146): YiiBase::import('application.ext...', true)
#1 C:\xampp\htdocs\yii\framework\web\CBaseController.php(146): CWidgetFactory->createWidget(Object(SiteController), 'application.ext...', Array)
#2 C:\xampp\htdocs\yii\framework\web\CBaseController.php(180): CBaseController->createWidget('application.ext...', Array)
#3 C:\xampp\htdocs\apotek_yii\themes\shadow_dancer\views\layouts\main.php(60): CBaseController->widget('application.ext...', Array)
#4 C:\xampp\htdocs\yii\framework\web\CBaseController.php(126): require('C:\\xampp\\htdocs...')
#5 C:\xampp\htdocs\yii\framework\web\CBaseController.php(95): CBaseController->renderInternal('C:\\xampp\\htdocs...', Array, true)
#6 C:\xampp\htdocs\yii\framework\web\widgets\CContentDecorator.php(76): CBaseController->renderFile('C:\\xampp\\htdocs...', Array, true)
#7 C:\xampp\htdocs\yii\framework\web\widgets\CContentDecorator.php(54): CContentDecorator->decorate('<div class="con...')
#8 C:\xampp\htdocs\yii\framework\web\widgets\COutputProcessor.php(44): CContentDecorator->processOutput('<div class="con...')
#9 C:\xampp\htdocs\yii\framework\web\CBaseController.php(214): COutputProcessor->run()
#10 C:\xampp\htdocs\yii\framework\web\CBaseController.php(308): CBaseController->endWidget('CContentDecorat...')
#11 C:\xampp\htdocs\apotek_yii\themes\shadow_dancer\views\layouts\column1.php(7): CBaseController->endContent()
#12 C:\xampp\htdocs\yii\framework\web\CBaseController.php(126): require('C:\\xampp\\htdocs...')
#13 C:\xampp\htdocs\yii\framework\web\CBaseController.php(95): CBaseController->renderInternal('C:\\xampp\\htdocs...', Array, true)
#14 C:\xampp\htdocs\yii\framework\web\CController.php(784): CBaseController->renderFile('C:\\xampp\\htdocs...', Array, true)
#15 C:\xampp\htdocs\apotek_yii\protected\controllers\SiteController.php(32): CController->render('index')
#16 C:\xampp\htdocs\yii\framework\web\actions\CInlineAction.php(49): SiteController->actionIndex()
#17 C:\xampp\htdocs\yii\framework\web\CController.php(308): CInlineAction->runWithParams(Array)
#18 C:\xampp\htdocs\yii\framework\web\CController.php(286): CController->runAction(Object(CInlineAction))
#19 C:\xampp\htdocs\yii\framework\web\CController.php(265): CController->runActionWithFilters(Object(CInlineAction), Array)
#20 C:\xampp\htdocs\yii\framework\web\CWebApplication.php(282): CController->run('index')
#21 C:\xampp\htdocs\yii\framework\web\CWebApplication.php(141): CWebApplication->runController('site/index')
#22 C:\xampp\htdocs\yii\framework\base\CApplication.php(185): CWebApplication->processRequest()
#23 C:\xampp\htdocs\apotek_yii\index.php(13): CApplication->run()
#24 {main}
REQUEST_URI=/apotek_yii/index.php?r=site/index
HTTP_REFERER=http://localhost/apotek_yii/index.php?r=site/page&view=interface
---
2016/11/25 00:42:36 [error] [exception.CHttpException.404] exception 'CHttpException' with message 'The requested view "Demo 404 page" was not found.' in C:\xampp\htdocs\yii\framework\web\actions\CViewAction.php:112
Stack trace:
#0 C:\xampp\htdocs\yii\framework\web\actions\CViewAction.php(123): CViewAction->resolveView('Demo 404 page')
#1 C:\xampp\htdocs\yii\framework\web\actions\CAction.php(76): CViewAction->run()
#2 C:\xampp\htdocs\yii\framework\web\CController.php(308): CAction->runWithParams(Array)
#3 C:\xampp\htdocs\yii\framework\web\CController.php(286): CController->runAction(Object(CViewAction))
#4 C:\xampp\htdocs\yii\framework\web\CController.php(265): CController->runActionWithFilters(Object(CViewAction), Array)
#5 C:\xampp\htdocs\yii\framework\web\CWebApplication.php(282): CController->run('page')
#6 C:\xampp\htdocs\yii\framework\web\CWebApplication.php(141): CWebApplication->runController('site/page')
#7 C:\xampp\htdocs\yii\framework\base\CApplication.php(185): CWebApplication->processRequest()
#8 C:\xampp\htdocs\apotek_yii\index.php(13): CApplication->run()
#9 {main}
REQUEST_URI=/apotek_yii/index.php?r=site/page&view=Demo+404+page
HTTP_REFERER=http://localhost/apotek_yii/index.php?r=site/page&view=forms
---
2016/11/25 00:50:15 [error] [exception.CHttpException.404] exception 'CHttpException' with message 'The requested view "Demo 404 page" was not found.' in C:\xampp\htdocs\yii\framework\web\actions\CViewAction.php:112
Stack trace:
#0 C:\xampp\htdocs\yii\framework\web\actions\CViewAction.php(123): CViewAction->resolveView('Demo 404 page')
#1 C:\xampp\htdocs\yii\framework\web\actions\CAction.php(76): CViewAction->run()
#2 C:\xampp\htdocs\yii\framework\web\CController.php(308): CAction->runWithParams(Array)
#3 C:\xampp\htdocs\yii\framework\web\CController.php(286): CController->runAction(Object(CViewAction))
#4 C:\xampp\htdocs\yii\framework\web\CController.php(265): CController->runActionWithFilters(Object(CViewAction), Array)
#5 C:\xampp\htdocs\yii\framework\web\CWebApplication.php(282): CController->run('page')
#6 C:\xampp\htdocs\yii\framework\web\CWebApplication.php(141): CWebApplication->runController('site/page')
#7 C:\xampp\htdocs\yii\framework\base\CApplication.php(185): CWebApplication->processRequest()
#8 C:\xampp\htdocs\apotek_yii\index.php(13): CApplication->run()
#9 {main}
REQUEST_URI=/apotek_yii/index.php?r=site/page&view=Demo+404+page
HTTP_REFERER=http://localhost/apotek_yii/index.php?r=site/page&view=buttons_and_icons
---
2016/11/25 02:54:02 [error] [exception.CHttpException.404] exception 'CHttpException' with message 'The requested view "interface" was not found.' in C:\xampp\htdocs\yii\framework\web\actions\CViewAction.php:112
Stack trace:
#0 C:\xampp\htdocs\yii\framework\web\actions\CViewAction.php(123): CViewAction->resolveView('interface')
#1 C:\xampp\htdocs\yii\framework\web\actions\CAction.php(76): CViewAction->run()
#2 C:\xampp\htdocs\yii\framework\web\CController.php(308): CAction->runWithParams(Array)
#3 C:\xampp\htdocs\yii\framework\web\CController.php(286): CController->runAction(Object(CViewAction))
#4 C:\xampp\htdocs\yii\framework\web\CController.php(265): CController->runActionWithFilters(Object(CViewAction), Array)
#5 C:\xampp\htdocs\yii\framework\web\CWebApplication.php(282): CController->run('page')
#6 C:\xampp\htdocs\yii\framework\web\CWebApplication.php(141): CWebApplication->runController('site/page')
#7 C:\xampp\htdocs\yii\framework\base\CApplication.php(185): CWebApplication->processRequest()
#8 C:\xampp\htdocs\apotek_yii\index.php(13): CApplication->run()
#9 {main}
REQUEST_URI=/apotek_yii/index.php?r=site/page&view=interface
HTTP_REFERER=http://localhost/apotek_yii/index.php?r=site/index
---
2016/11/25 02:54:06 [error] [exception.CHttpException.404] exception 'CHttpException' with message 'The requested view "forms" was not found.' in C:\xampp\htdocs\yii\framework\web\actions\CViewAction.php:112
Stack trace:
#0 C:\xampp\htdocs\yii\framework\web\actions\CViewAction.php(123): CViewAction->resolveView('forms')
#1 C:\xampp\htdocs\yii\framework\web\actions\CAction.php(76): CViewAction->run()
#2 C:\xampp\htdocs\yii\framework\web\CController.php(308): CAction->runWithParams(Array)
#3 C:\xampp\htdocs\yii\framework\web\CController.php(286): CController->runAction(Object(CViewAction))
#4 C:\xampp\htdocs\yii\framework\web\CController.php(265): CController->runActionWithFilters(Object(CViewAction), Array)
#5 C:\xampp\htdocs\yii\framework\web\CWebApplication.php(282): CController->run('page')
#6 C:\xampp\htdocs\yii\framework\web\CWebApplication.php(141): CWebApplication->runController('site/page')
#7 C:\xampp\htdocs\yii\framework\base\CApplication.php(185): CWebApplication->processRequest()
#8 C:\xampp\htdocs\apotek_yii\index.php(13): CApplication->run()
#9 {main}
REQUEST_URI=/apotek_yii/index.php?r=site/page&view=forms
HTTP_REFERER=http://localhost/apotek_yii/index.php?r=site/index
---
2016/11/25 02:54:13 [error] [exception.CHttpException.404] exception 'CHttpException' with message 'The requested view "forms" was not found.' in C:\xampp\htdocs\yii\framework\web\actions\CViewAction.php:112
Stack trace:
#0 C:\xampp\htdocs\yii\framework\web\actions\CViewAction.php(123): CViewAction->resolveView('forms')
#1 C:\xampp\htdocs\yii\framework\web\actions\CAction.php(76): CViewAction->run()
#2 C:\xampp\htdocs\yii\framework\web\CController.php(308): CAction->runWithParams(Array)
#3 C:\xampp\htdocs\yii\framework\web\CController.php(286): CController->runAction(Object(CViewAction))
#4 C:\xampp\htdocs\yii\framework\web\CController.php(265): CController->runActionWithFilters(Object(CViewAction), Array)
#5 C:\xampp\htdocs\yii\framework\web\CWebApplication.php(282): CController->run('page')
#6 C:\xampp\htdocs\yii\framework\web\CWebApplication.php(141): CWebApplication->runController('site/page')
#7 C:\xampp\htdocs\yii\framework\base\CApplication.php(185): CWebApplication->processRequest()
#8 C:\xampp\htdocs\apotek_yii\index.php(13): CApplication->run()
#9 {main}
REQUEST_URI=/apotek_yii/index.php?r=site/page&view=forms
HTTP_REFERER=http://localhost/apotek_yii/index.php?r=site/index
---
2016/11/25 02:54:35 [error] [exception.CHttpException.404] exception 'CHttpException' with message 'The requested view "buttons_and_icons" was not found.' in C:\xampp\htdocs\yii\framework\web\actions\CViewAction.php:112
Stack trace:
#0 C:\xampp\htdocs\yii\framework\web\actions\CViewAction.php(123): CViewAction->resolveView('buttons_and_ico...')
#1 C:\xampp\htdocs\yii\framework\web\actions\CAction.php(76): CViewAction->run()
#2 C:\xampp\htdocs\yii\framework\web\CController.php(308): CAction->runWithParams(Array)
#3 C:\xampp\htdocs\yii\framework\web\CController.php(286): CController->runAction(Object(CViewAction))
#4 C:\xampp\htdocs\yii\framework\web\CController.php(265): CController->runActionWithFilters(Object(CViewAction), Array)
#5 C:\xampp\htdocs\yii\framework\web\CWebApplication.php(282): CController->run('page')
#6 C:\xampp\htdocs\yii\framework\web\CWebApplication.php(141): CWebApplication->runController('site/page')
#7 C:\xampp\htdocs\yii\framework\base\CApplication.php(185): CWebApplication->processRequest()
#8 C:\xampp\htdocs\apotek_yii\index.php(13): CApplication->run()
#9 {main}
REQUEST_URI=/apotek_yii/index.php?r=site/page&view=buttons_and_icons
HTTP_REFERER=http://localhost/apotek_yii/index.php?r=site/index
---
2016/11/25 03:05:44 [error] [exception.CDbException] exception 'CDbException' with message 'CDbConnection failed to open the DB connection: SQLSTATE[HY000] [1045] Access denied for user 'root'@'localhost' (using password: YES)' in C:\xampp\htdocs\yii\framework\db\CDbConnection.php:399
Stack trace:
#0 C:\xampp\htdocs\yii\framework\db\CDbConnection.php(347): CDbConnection->open()
#1 C:\xampp\htdocs\yii\framework\db\CDbConnection.php(325): CDbConnection->setActive(true)
#2 C:\xampp\htdocs\yii\framework\base\CModule.php(394): CDbConnection->init()
#3 C:\xampp\htdocs\yii\framework\base\CModule.php(103): CModule->getComponent('db')
#4 C:\xampp\htdocs\yii\framework\gii\generators\model\ModelCode.php(60): CModule->__get('db')
#5 C:\xampp\htdocs\yii\framework\web\CFormModel.php(39): ModelCode->init()
#6 C:\xampp\htdocs\yii\framework\gii\CCodeGenerator.php(153): CFormModel->__construct()
#7 C:\xampp\htdocs\yii\framework\gii\CCodeGenerator.php(63): CCodeGenerator->prepare()
#8 C:\xampp\htdocs\yii\framework\web\actions\CInlineAction.php(49): CCodeGenerator->actionIndex()
#9 C:\xampp\htdocs\yii\framework\web\CController.php(308): CInlineAction->runWithParams(Array)
#10 C:\xampp\htdocs\yii\framework\web\CController.php(286): CController->runAction(Object(CInlineAction))
#11 C:\xampp\htdocs\yii\framework\web\CController.php(265): CController->runActionWithFilters(Object(CInlineAction), Array)
#12 C:\xampp\htdocs\yii\framework\web\CWebApplication.php(282): CController->run('index')
#13 C:\xampp\htdocs\yii\framework\web\CWebApplication.php(141): CWebApplication->runController('gii/model/index')
#14 C:\xampp\htdocs\yii\framework\base\CApplication.php(185): CWebApplication->processRequest()
#15 C:\xampp\htdocs\apotek_yii\index.php(13): CApplication->run()
#16 {main}
REQUEST_URI=/apotek_yii/index.php?r=gii/model/index
HTTP_REFERER=http://localhost/apotek_yii/index.php?r=gii/controller/index
---
